Removed Member From Class: ClassName=Designator Member=C1
Removed Member From Class: ClassName=Designator Member=C2
Removed Member From Class: ClassName=Designator Member=C3
Removed Member From Class: ClassName=Designator Member=C4
Removed Member From Class: ClassName=Designator Member=C5
Removed Member From Class: ClassName=Designator Member=C6
Removed Member From Class: ClassName=Designator Member=C14
Removed Member From Class: ClassName=Designator Member=C15
Removed Member From Class: ClassName=Designator Member=C16
Removed Member From Class: ClassName=Designator Member=C17
Removed Member From Class: ClassName=Designator Member=D2
Removed Member From Class: ClassName=Designator Member=D3
Removed Member From Class: ClassName=Designator Member=P2
Removed Member From Class: ClassName=Designator Member=P3
Removed Member From Class: ClassName=Designator Member=PR1
Removed Member From Class: ClassName=Designator Member=PR2
Removed Member From Class: ClassName=Designator Member=R1
Removed Member From Class: ClassName=Designator Member=R2
Removed Member From Class: ClassName=Designator Member=R3
Removed Member From Class: ClassName=Designator Member=R4
Removed Member From Class: ClassName=Designator Member=R5
Removed Member From Class: ClassName=Designator Member=R6
Removed Member From Class: ClassName=Designator Member=R7
Removed Member From Class: ClassName=Designator Member=R9
Removed Member From Class: ClassName=Designator Member=R10
Removed Member From Class: ClassName=Designator Member=R11
Removed Member From Class: ClassName=Designator Member=R12
Removed Member From Class: ClassName=Designator Member=R13
Removed Member From Class: ClassName=Designator Member=R14
Removed Member From Class: ClassName=Designator Member=R15
Removed Member From Class: ClassName=Designator Member=R16
Removed Member From Class: ClassName=Designator Member=R17
Removed Member From Class: ClassName=Designator Member=R18
Removed Member From Class: ClassName=Designator Member=R19
Removed Member From Class: ClassName=Designator Member=R20
Removed Member From Class: ClassName=Designator Member=R21
Removed Member From Class: ClassName=Designator Member=R22
Removed Member From Class: ClassName=Designator Member=R23
Removed Member From Class: ClassName=Designator Member=T1
Removed Member From Class: ClassName=Designator Member=T2
Removed Member From Class: ClassName=Designator Member=T3
Removed Member From Class: ClassName=Designator Member=T4
Removed Member From Class: ClassName=Designator Member=TO1
Removed Member From Class: ClassName=Designator Member=U1
Removed Member From Class: ClassName=Designator Member=U2
Removed Member From Class: ClassName=Designator Member=U3
Removed Member From Class: ClassName=Designator Member=U4
Removed Member From Class: ClassName=Designator Member=U8
Removed Member From Class: ClassName=Designator Member=U9
Removed Member From Class: ClassName=Designator Member=U10
Change Component Footprint: Designator=U8 Old Footprint=NE5534_footprint_byWierzba New Footprint=NE5534 FIXED
Added Room: Name=Designator
Added Room: Name=Designator
Added Room: Name=Designator
Added Room: Name=Designator
Added Room: Name=Designator
Added Room: Name=Designator
